<?xml version="1.0" encoding="UTF-8"?>
<!-- Generated by org.testng.reporters.JUnitReportReporter -->
<testsuite hostname="Pavan" failures="0" tests="1" name="tests.TC001" time="0.026" errors="0" timestamp="2021-11-02T09:08:44 IST" skipped="0">
  <testcase classname="tests.TC001" name="getTitle" time="0.026"/>
  <system-out/>
</testsuite> <!-- tests.TC001 -->
